10:57:58.386 [main] INFO  testCases.TC001_AccountRegistrationTest - *** Starting TC001_AccountRegistrationTest ***
10:57:58.983 [main] INFO  testCases.TC001_AccountRegistrationTest - Clicked on MyAccount Link
10:57:59.372 [main] INFO  testCases.TC001_AccountRegistrationTest - Clicked on Register Link
10:57:59.374 [main] INFO  testCases.TC001_AccountRegistrationTest - Provide customer details...
10:58:00.967 [main] INFO  testCases.TC001_AccountRegistrationTest - Validating expected nessage...
10:58:01.017 [main] INFO  testCases.TC001_AccountRegistrationTest - *** Finished TC001_AccountRegistrationTest ***
11:36:52.688 [main] INFO  testCases.TC001_AccountRegistrationTest - *** Starting TC001_AccountRegistrationTest ***
11:36:53.214 [main] INFO  testCases.TC001_AccountRegistrationTest - Clicked on MyAccount Link
11:36:53.562 [main] INFO  testCases.TC001_AccountRegistrationTest - Clicked on Register Link
11:36:53.566 [main] INFO  testCases.TC001_AccountRegistrationTest - Provide customer details...
11:36:54.982 [main] INFO  testCases.TC001_AccountRegistrationTest - Validating expected nessage...
11:36:55.043 [main] INFO  testCases.TC001_AccountRegistrationTest - *** Finished TC001_AccountRegistrationTest ***
11:41:07.090 [main] INFO  testCases.TC001_AccountRegistrationTest - *** Starting TC001_AccountRegistrationTest ***
11:41:07.825 [main] INFO  testCases.TC001_AccountRegistrationTest - Clicked on MyAccount Link
11:41:08.371 [main] INFO  testCases.TC001_AccountRegistrationTest - Clicked on Register Link
11:41:08.377 [main] INFO  testCases.TC001_AccountRegistrationTest - Provide customer details...
11:41:10.377 [main] INFO  testCases.TC001_AccountRegistrationTest - Validating expected nessage...
11:41:10.477 [main] INFO  testCases.TC001_AccountRegistrationTest - *** Finished TC001_AccountRegistrationTest ***
11:44:35.014 [main] INFO  testCases.TC001_AccountRegistrationTest - *** Starting TC001_AccountRegistrationTest ***
11:44:35.836 [main] INFO  testCases.TC001_AccountRegistrationTest - Clicked on MyAccount Link
11:44:36.363 [main] INFO  testCases.TC001_AccountRegistrationTest - Clicked on Register Link
11:44:36.368 [main] INFO  testCases.TC001_AccountRegistrationTest - Provide customer details...
11:44:38.342 [main] INFO  testCases.TC001_AccountRegistrationTest - Validating expected nessage...
11:44:38.448 [main] INFO  testCases.TC001_AccountRegistrationTest - *** Finished TC001_AccountRegistrationTest ***
